[debug] ----------------------------------------------------------------------
[debug] Command:      /usr/local/bin/node /usr/local/bin/firebase serve
[debug] CLI Version:  3.9.0
[debug] Platform:     darwin
[debug] Node Version: v7.4.0
[debug] Time:         Sat Jun 24 2017 20:14:34 GMT-0400 (EDT)
[debug] ----------------------------------------------------------------------
[debug] 
[debug] > command requires scopes: ["email","openid","https://www.googleapis.com/auth/cloudplatformprojects.readonly","https://www.googleapis.com/auth/firebase","https://www.googleapis.com/auth/cloud-platform"]
[debug] >>> HTTP REQUEST GET https://admin.firebase.com/v1/projects/moviethoughts-d188d  
 Sat Jun 24 2017 20:14:34 GMT-0400 (EDT)
[debug] <<< HTTP RESPONSE 200
[debug] >>> HTTP REQUEST GET https://admin.firebase.com/v1/database/moviethoughts-d188d/tokens  
 Sat Jun 24 2017 20:14:35 GMT-0400 (EDT)
[debug] <<< HTTP RESPONSE 200
[info] 
[info] === Serving from '/Users/johnkuhn/Coding/movieThoughts'...
[info] 
[debug] >>> HTTP REQUEST GET https://cloudresourcemanager.googleapis.com/v1/projects/moviethoughts-d188d  
 Sat Jun 24 2017 20:14:35 GMT-0400 (EDT)
[debug] <<< HTTP RESPONSE 200
[debug] >>> HTTP REQUEST GET https://mobilesdk-pa.googleapis.com/v1/projects/923578276783/clients/_:getWebAppConfig  
 Sat Jun 24 2017 20:14:35 GMT-0400 (EDT)
[debug] <<< HTTP RESPONSE 200
[info] i  hosting: Serving hosting files from: ../movieThoughts/public
[info] ✔  hosting: Local server: http://localhost:5000

